<?xml version="1.0" encoding="UTF-8"?>
<testng-results skipped="0" failed="0" ignored="0" total="3" passed="3">
  <reporter-output>
  </reporter-output>
  <suite name="Suite" duration-ms="40" started-at="2020-06-06T13:13:41Z" finished-at="2020-06-06T13:13:41Z">
    <groups>
    </groups>
    <test name="Test" duration-ms="40" started-at="2020-06-06T13:13:41Z" finished-at="2020-06-06T13:13:41Z">
      <class name="jenkintesting.sampletest">
        <test-method status="PASS" signature="test1()[pri:0, instance:jenkintesting.sampletest@573f2bb1]" name="test1" duration-ms="8" started-at="2020-06-06T13:13:41Z" finished-at="2020-06-06T13:13:41Z">
          <reporter-output>
          </reporter-output>
        </test-method> <!-- test1 -->
        <test-method status="PASS" signature="test2()[pri:0, instance:jenkintesting.sampletest@573f2bb1]" name="test2" duration-ms="2" started-at="2020-06-06T13:13:41Z" finished-at="2020-06-06T13:13:41Z">
          <reporter-output>
          </reporter-output>
        </test-method> <!-- test2 -->
        <test-method status="PASS" signature="test3()[pri:0, instance:jenkintesting.sampletest@573f2bb1]" name="test3" duration-ms="0" started-at="2020-06-06T13:13:41Z" finished-at="2020-06-06T13:13:41Z">
          <reporter-output>
          </reporter-output>
        </test-method> <!-- test3 -->
      </class> <!-- jenkintesting.sampletest -->
    </test> <!-- Test -->
  </suite> <!-- Suite -->
</testng-results>
